SF:lib\core\errors\auth_exception.dart
DA:4,2
DA:5,0
DA:6,0
LF:3
LH:1
end_of_record
SF:lib\features\auth_registration\repository\services\supabase_auth_service.dart
DA:10,1
DA:15,0
DA:23,0
DA:25,0
DA:29,0
DA:35,0
DA:36,0
DA:39,0
DA:45,0
DA:46,0
DA:47,0
DA:53,0
DA:54,0
DA:55,0
DA:56,0
DA:65,0
DA:66,0
DA:73,0
DA:74,0
DA:76,0
DA:78,0
DA:85,0
DA:91,0
DA:96,0
DA:97,0
DA:100,0
DA:107,0
DA:110,0
DA:111,0
DA:112,0
DA:114,0
DA:115,0
DA:116,0
DA:118,0
DA:119,0
DA:121,0
DA:122,0
DA:127,0
DA:130,0
DA:131,0
DA:135,0
DA:136,0
DA:138,0
DA:140,0
DA:147,0
DA:150,0
DA:151,0
DA:152,0
DA:154,0
DA:156,0
DA:162,1
DA:165,3
DA:166,1
DA:168,0
DA:170,1
DA:171,4
DA:173,0
DA:178,1
DA:184,0
DA:185,0
DA:186,0
DA:187,0
DA:188,0
DA:189,0
DA:195,0
DA:196,0
DA:198,0
DA:199,0
DA:200,0
DA:201,0
DA:203,0
DA:206,0
DA:208,0
DA:209,0
DA:210,0
DA:211,0
DA:212,0
DA:214,0
DA:215,0
DA:216,0
DA:221,0
DA:222,0
DA:223,0
DA:224,0
DA:225,0
DA:228,0
DA:231,0
DA:234,0
DA:235,0
LF:89
LH:7
end_of_record
SF:lib\core\models\user_session_model.dart
DA:8,0
LF:1
LH:0
end_of_record
SF:lib\features\auth_registration\validators\password_validators.dart
DA:1,3
DA:2,3
DA:4,3
DA:8,6
DA:12,6
DA:13,6
DA:14,6
DA:15,6
LF:8
LH:8
end_of_record
SF:lib\core\models\quest_models.dart
DA:4,0
DA:6,0
DA:8,0
DA:10,0
DA:12,0
DA:14,0
DA:30,1
DA:39,1
DA:41,0
DA:49,0
DA:50,0
DA:51,0
DA:52,0
DA:53,0
DA:54,0
DA:55,0
DA:56,0
DA:57,0
DA:73,1
DA:83,0
DA:89,0
DA:90,0
DA:91,0
DA:92,0
DA:93,0
DA:94,0
DA:95,0
DA:96,0
LF:28
LH:3
end_of_record
SF:lib\core\router\app_router.dart
DA:19,0
DA:20,0
DA:21,0
DA:22,0
DA:23,0
DA:24,0
DA:25,0
DA:26,0
DA:31,0
DA:32,0
DA:34,0
DA:35,0
DA:36,0
DA:37,0
DA:42,0
DA:43,0
DA:45,0
DA:47,0
DA:48,0
DA:50,0
DA:51,0
DA:55,0
DA:56,0
DA:58,0
DA:60,0
DA:61,0
DA:63,0
DA:64,0
DA:68,0
DA:69,0
DA:71,0
DA:73,0
DA:74,0
DA:76,0
DA:79,0
DA:83,0
DA:84,0
DA:92,0
DA:94,0
DA:96,0
DA:97,0
LF:41
LH:0
end_of_record
SF:lib\core\services\service_registry.dart
DA:22,1
DA:23,2
DA:24,0
DA:25,0
DA:26,2
DA:27,1
DA:28,0
DA:29,0
DA:30,0
DA:32,0
DA:33,0
DA:34,0
DA:35,0
DA:36,0
DA:37,0
DA:39,0
DA:40,0
DA:41,0
DA:44,0
DA:45,0
DA:46,0
DA:49,0
DA:50,0
DA:51,0
DA:52,0
LF:25
LH:4
end_of_record
SF:lib\core\session\session_cubit.dart
DA:5,0
DA:7,0
DA:9,0
DA:11,0
DA:13,0
LF:5
LH:0
end_of_record
SF:lib\features\achievements\view\screens\achievements_screen.dart
DA:11,1
DA:13,0
DA:14,0
DA:20,0
DA:21,0
DA:22,0
DA:23,0
DA:25,0
DA:26,0
DA:27,0
DA:34,0
DA:36,0
DA:37,0
DA:38,0
DA:39,0
DA:44,0
DA:46,0
DA:47,0
DA:48,0
DA:49,0
DA:53,0
DA:54,0
DA:55,0
DA:61,0
DA:62,0
DA:66,0
DA:67,0
DA:68,0
DA:73,0
DA:74,0
DA:75,0
DA:77,0
DA:78,0
DA:79,0
DA:80,0
DA:81,0
DA:86,0
DA:87,0
DA:88,0
DA:89,0
DA:90,0
DA:98,0
DA:100,0
DA:101,0
DA:103,0
DA:104,0
DA:105,0
DA:111,0
DA:112,0
DA:113,0
DA:114,0
DA:117,0
DA:118,0
DA:119,0
DA:122,0
DA:124,0
DA:125,0
DA:126,0
DA:128,0
DA:130,0
DA:136,0
DA:138,0
DA:139,0
DA:140,0
DA:141,0
DA:143,0
LF:66
LH:1
end_of_record
SF:lib\features\agreement\view\agreement_screen.dart
DA:5,1
DA:7,3
DA:9,1
DA:11,1
DA:12,1
DA:13,1
DA:14,1
DA:15,1
DA:16,2
DA:19,1
DA:20,0
DA:22,1
DA:24,1
DA:25,1
DA:26,1
DA:27,3
LF:16
LH:15
end_of_record
SF:lib\features\auth_forgot\view\screens\forgot_screen.dart
DA:5,1
DA:7,0
DA:9,0
DA:10,0
DA:11,0
LF:5
LH:1
end_of_record
SF:lib\features\auth_forgot\viewmodel\services\forgot_bloc.dart
DA:10,0
DA:11,0
DA:12,0
DA:15,0
DA:16,0
DA:18,0
DA:19,0
DA:20,0
DA:21,0
DA:23,0
DA:24,0
DA:32,0
LF:12
LH:0
end_of_record
SF:lib\features\auth_login\view\screens\login_screen.dart
DA:5,1
DA:7,0
DA:9,0
DA:10,0
DA:11,0
LF:5
LH:1
end_of_record
SF:lib\features\auth_login\viewmodel\services\login_bloc.dart
DA:13,0
DA:14,0
DA:15,0
DA:16,0
DA:19,0
DA:24,0
DA:25,0
DA:27,0
DA:28,0
DA:29,0
DA:31,0
DA:32,0
DA:35,0
DA:37,0
DA:38,0
DA:39,0
DA:40,0
DA:41,0
DA:44,0
DA:48,0
DA:49,0
LF:21
LH:0
end_of_record
SF:lib\features\auth_registration\view\screens\registration_screen.dart
DA:5,1
DA:7,2
DA:9,2
DA:10,2
DA:11,2
LF:5
LH:5
end_of_record
SF:lib\features\auth_registration\viewmodel\registration\registration_bloc.dart
DA:13,3
DA:14,3
DA:15,6
DA:16,6
DA:19,3
DA:23,3
DA:24,6
DA:27,6
DA:28,3
DA:29,3
DA:30,3
DA:31,3
DA:33,6
DA:34,9
DA:35,1
DA:36,1
DA:37,2
DA:39,1
DA:43,1
DA:44,2
DA:52,0
LF:21
LH:20
end_of_record
SF:lib\features\auth_reset\view\screens\reset_screen.dart
DA:5,1
DA:7,0
LF:2
LH:1
end_of_record
SF:lib\features\auth_reset\viewmodel\reset_bloc.dart
DA:10,0
DA:11,0
DA:14,0
DA:15,0
DA:16,0
DA:19,0
DA:20,0
DA:24,0
DA:26,0
DA:27,0
DA:28,0
DA:29,0
DA:31,0
DA:32,0
LF:14
LH:0
end_of_record
SF:lib\features\psychologist_screen\view\screens\psychologist_screen.dart
DA:12,1
DA:14,1
DA:15,2
DA:16,2
DA:17,1
DA:18,2
DA:19,1
DA:20,3
DA:24,0
DA:25,0
DA:26,0
DA:27,0
DA:28,0
DA:29,0
DA:35,0
DA:36,0
DA:37,0
DA:38,0
DA:43,0
DA:44,0
DA:47,1
DA:49,1
DA:50,1
DA:51,1
DA:53,1
DA:55,1
DA:57,1
DA:58,1
DA:63,1
DA:64,1
DA:67,0
DA:69,1
DA:72,0
DA:74,1
DA:75,2
DA:78,1
DA:82,1
DA:91,1
DA:93,1
DA:95,1
DA:96,2
DA:97,1
DA:98,1
DA:99,2
DA:102,2
DA:105,1
DA:106,2
DA:107,1
LF:48
LH:34
end_of_record
SF:lib\features\quest_catalog\view\screens\quests_catalog_screen.dart
DA:12,1
DA:14,0
DA:15,0
DA:21,0
DA:22,0
DA:28,0
DA:30,0
DA:31,0
DA:34,0
DA:36,0
DA:37,0
DA:40,0
DA:41,0
DA:42,0
DA:45,0
DA:46,0
DA:47,0
DA:50,0
DA:51,0
DA:52,0
DA:53,0
DA:54,0
DA:58,0
DA:59,0
DA:60,0
DA:64,0
DA:68,0
DA:70,0
DA:71,0
DA:72,0
DA:73,0
DA:76,0
DA:77,0
DA:78,0
DA:84,0
DA:85,0
DA:86,0
DA:87,0
DA:88,0
DA:89,0
DA:90,0
DA:91,0
DA:92,0
DA:93,0
DA:94,0
DA:101,0
DA:102,0
DA:103,0
DA:104,0
DA:106,0
DA:107,0
DA:108,0
DA:109,0
DA:110,0
DA:111,0
DA:112,0
DA:113,0
DA:120,0
DA:125,0
DA:131,0
DA:132,0
DA:133,0
DA:134,0
DA:135,0
DA:139,0
DA:141,0
DA:142,0
DA:144,0
DA:145,0
DA:146,0
DA:150,0
DA:151,0
DA:152,0
DA:164,0
DA:165,0
DA:167,0
DA:169,0
DA:170,0
DA:171,0
DA:172,0
DA:173,0
DA:174,0
DA:175,0
DA:177,0
DA:178,0
DA:179,0
DA:180,0
DA:181,0
DA:182,0
LF:89
LH:1
end_of_record
SF:lib\core\services\mock_agreement_service.dart
DA:7,1
DA:34,0
DA:36,0
LF:3
LH:1
end_of_record
SF:lib\core\services\mock_quest_service.dart
DA:9,0
DA:11,0
DA:13,0
DA:14,0
DA:17,0
DA:19,0
DA:21,0
LF:7
LH:0
end_of_record
SF:lib\features\quest_catalog\models\quest_catalog_filter.dart
DA:8,1
DA:12,0
DA:17,0
LF:3
LH:1
end_of_record
SF:lib\core\services\supabase_quest_catalog_service.dart
DA:7,0
DA:9,0
DA:11,0
DA:13,0
DA:15,0
DA:17,0
DA:22,0
DA:23,0
DA:24,0
DA:26,0
DA:28,0
DA:30,0
DA:32,0
DA:42,0
DA:44,0
DA:45,0
DA:46,0
DA:47,0
DA:48,0
DA:49,0
DA:50,0
DA:51,0
DA:52,0
DA:54,0
DA:55,0
DA:59,0
DA:71,0
DA:73,0
DA:74,0
DA:75,0
DA:76,0
DA:78,0
DA:81,0
DA:84,0
DA:86,0
DA:88,0
DA:90,0
DA:91,0
DA:93,0
DA:94,0
DA:100,0
DA:108,0
DA:110,0
DA:111,0
DA:112,0
DA:118,0
DA:120,0
DA:121,0
DA:123,0
DA:126,0
DA:135,0
DA:136,0
DA:137,0
DA:141,0
DA:143,0
DA:144,0
DA:145,0
DA:147,0
DA:150,0
DA:156,0
LF:60
LH:0
end_of_record
SF:lib\features\achievements\repository\supabase_achievement_service.dart
DA:17,0
DA:18,0
DA:21,0
DA:22,0
DA:23,0
DA:24,0
DA:25,0
DA:26,0
DA:27,0
DA:28,0
DA:29,0
DA:30,0
DA:34,0
DA:35,0
DA:42,0
DA:43,0
DA:44,0
DA:45,0
DA:46,0
DA:49,0
DA:50,0
DA:53,0
DA:54,0
DA:56,0
DA:61,0
DA:62,0
DA:68,0
DA:70,0
DA:71,0
DA:72,0
DA:74,0
DA:78,0
DA:80,0
DA:81,0
DA:83,0
DA:87,0
DA:88,0
DA:89,0
DA:93,0
DA:95,0
DA:96,0
DA:98,0
DA:101,0
DA:104,0
DA:105,0
DA:106,0
DA:109,0
DA:111,0
DA:112,0
DA:116,0
DA:119,0
DA:127,0
DA:128,0
DA:129,0
DA:135,0
DA:136,0
DA:138,0
DA:140,0
DA:144,0
DA:145,0
DA:149,0
DA:154,0
DA:155,0
DA:156,0
DA:157,0
DA:158,0
DA:159,0
DA:160,0
DA:166,0
DA:168,0
DA:171,0
DA:173,0
DA:175,0
LF:73
LH:0
end_of_record
SF:lib\features\child_screen\repository\services\supabase_child_quests_service.dart
DA:12,0
DA:14,0
DA:19,0
DA:22,0
DA:27,0
DA:30,0
DA:37,0
DA:39,0
DA:41,0
DA:42,0
DA:44,0
DA:45,0
DA:48,0
DA:49,0
DA:50,0
DA:51,0
DA:52,0
DA:53,0
DA:56,0
DA:59,0
DA:61,0
DA:65,0
DA:67,0
DA:68,0
DA:70,0
DA:71,0
DA:75,0
DA:83,0
DA:84,0
DA:85,0
DA:86,0
DA:90,0
DA:92,0
DA:93,0
DA:94,0
DA:95,0
DA:97,0
DA:103,0
DA:104,0
DA:106,0
DA:107,0
DA:111,0
DA:112,0
DA:113,0
DA:114,0
DA:115,0
DA:116,0
DA:121,0
DA:122,0
DA:124,0
DA:125,0
DA:129,0
DA:130,0
DA:132,0
DA:133,0
DA:134,0
DA:137,0
DA:138,0
DA:140,0
DA:141,0
DA:142,0
DA:145,0
DA:150,0
DA:151,0
DA:152,0
DA:153,0
DA:154,0
DA:156,0
DA:157,0
DA:158,0
DA:159,0
DA:161,0
DA:162,0
DA:166,0
DA:167,0
DA:168,0
DA:169,0
DA:170,0
DA:172,0
DA:175,0
DA:177,0
DA:178,0
DA:179,0
DA:182,0
DA:183,0
DA:184,0
DA:188,0
DA:189,0
DA:191,0
DA:192,0
DA:193,0
DA:194,0
DA:195,0
DA:196,0
DA:199,0
DA:200,0
DA:202,0
DA:203,0
DA:204,0
DA:205,0
DA:206,0
DA:207,0
DA:208,0
DA:211,0
DA:212,0
DA:216,0
DA:217,0
DA:218,0
DA:220,0
DA:222,0
DA:224,0
DA:226,0
DA:229,0
DA:230,0
DA:231,0
DA:234,0
DA:235,0
DA:245,0
DA:260,0
DA:273,0
DA:274,0
DA:275,0
DA:276,0
DA:277,0
DA:278,0
DA:279,0
DA:280,0
DA:281,0
DA:282,0
DA:283,0
DA:284,0
DA:286,0
DA:287,0
LF:133
LH:0
end_of_record
SF:lib\features\child_screen\repository\services\supabase_child_service.dart
DA:15,0
DA:16,0
DA:19,0
DA:20,0
DA:21,0
DA:25,0
DA:27,0
DA:28,0
DA:32,0
DA:33,0
DA:34,0
DA:35,0
DA:37,0
DA:38,0
DA:40,0
DA:41,0
DA:43,0
DA:44,0
DA:45,0
DA:46,0
DA:47,0
DA:49,0
DA:51,0
DA:52,0
DA:53,0
DA:54,0
DA:55,0
DA:56,0
DA:57,0
DA:58,0
DA:64,0
DA:70,0
DA:71,0
DA:72,0
DA:73,0
DA:76,0
DA:77,0
DA:81,0
DA:83,0
DA:84,0
DA:85,0
DA:86,0
DA:90,0
DA:92,0
DA:93,0
DA:98,0
DA:99,0
DA:105,0
DA:107,0
DA:108,0
DA:109,0
DA:111,0
DA:115,0
DA:117,0
DA:118,0
DA:119,0
DA:122,0
DA:123,0
DA:126,0
DA:127,0
DA:128,0
DA:132,0
DA:134,0
DA:135,0
DA:137,0
DA:140,0
DA:142,0
DA:143,0
DA:144,0
DA:148,0
DA:150,0
DA:152,0
DA:155,0
DA:158,0
DA:159,0
DA:160,0
DA:161,0
DA:164,0
DA:166,0
DA:167,0
DA:171,0
LF:81
LH:0
end_of_record
SF:lib\features\child_screen\repository\services\supabase_progress_service.dart
DA:9,0
DA:11,0
DA:14,0
DA:15,0
DA:16,0
DA:17,0
DA:18,0
DA:19,0
DA:26,0
DA:28,0
DA:29,0
DA:30,0
DA:33,0
DA:34,0
DA:35,0
DA:36,0
DA:37,0
DA:38,0
DA:40,0
DA:42,0
DA:43,0
DA:45,0
DA:47,0
DA:48,0
DA:49,0
DA:50,0
DA:51,0
DA:52,0
LF:28
LH:0
end_of_record
SF:lib\features\psychologist_screen\repository\services\supabase_psychologist_service.dart
DA:9,0
DA:11,0
DA:13,0
DA:15,0
DA:21,0
DA:22,0
DA:23,0
DA:24,0
DA:25,0
DA:27,0
DA:33,0
DA:34,0
DA:35,0
DA:36,0
DA:37,0
DA:39,0
DA:49,0
DA:50,0
DA:51,0
DA:54,0
DA:55,0
DA:56,0
DA:58,0
DA:59,0
DA:65,0
DA:67,0
LF:26
LH:0
end_of_record
SF:lib\core\testing\test_keys.dart
DA:8,3
DA:9,3
DA:10,3
DA:12,3
DA:13,3
DA:14,3
DA:15,3
DA:16,3
LF:8
LH:8
end_of_record
SF:lib\features\achievements\models\achievement_model.dart
DA:11,0
DA:22,0
DA:24,0
DA:31,0
DA:32,0
DA:33,0
DA:34,0
DA:35,0
DA:36,0
DA:37,0
DA:38,0
LF:11
LH:0
end_of_record
SF:lib\features\achievements\view\widgets\achievement_card.dart
DA:8,0
DA:14,0
DA:15,0
DA:16,0
DA:18,0
DA:20,0
DA:22,0
DA:24,0
DA:26,0
DA:28,0
DA:30,0
DA:32,0
DA:39,0
DA:41,0
DA:42,0
DA:43,0
DA:45,0
DA:47,0
DA:48,0
DA:49,0
DA:51,0
DA:53,0
DA:54,0
DA:56,0
DA:57,0
DA:60,0
DA:61,0
DA:62,0
DA:65,0
DA:68,0
DA:70,0
DA:71,0
DA:72,0
DA:73,0
DA:82,0
DA:83,0
DA:85,0
DA:87,0
LF:38
LH:0
end_of_record
SF:lib\features\achievements\view\widgets\achievement_form_dialog.dart
DA:9,0
DA:11,0
DA:12,0
DA:37,0
DA:39,0
DA:40,0
DA:41,0
DA:44,0
DA:45,0
DA:46,0
DA:47,0
DA:51,0
DA:52,0
DA:53,0
DA:54,0
DA:59,0
DA:60,0
DA:61,0
DA:64,0
DA:68,0
DA:71,0
DA:72,0
DA:73,0
DA:74,0
DA:78,0
DA:79,0
DA:80,0
DA:81,0
DA:84,0
DA:85,0
DA:88,0
DA:92,0
DA:94,0
DA:96,0
DA:98,0
DA:99,0
DA:100,0
DA:101,0
DA:104,0
DA:105,0
DA:106,0
DA:109,0
DA:113,0
DA:114,0
DA:117,0
DA:120,0
DA:121,0
DA:123,0
DA:125,0
DA:126,0
DA:127,0
DA:129,0
DA:130,0
DA:131,0
DA:133,0
DA:137,0
DA:138,0
DA:140,0
DA:143,0
DA:144,0
DA:146,0
DA:147,0
DA:149,0
DA:150,0
DA:152,0
DA:160,0
DA:161,0
DA:162,0
DA:165,0
DA:166,0
DA:167,0
LF:71
LH:0
end_of_record
SF:lib\features\child_screen\view_model\widgets\quest_picker_dialog.dart
DA:9,0
DA:11,0
DA:12,0
DA:20,0
DA:22,0
DA:23,0
DA:26,0
DA:27,0
DA:28,0
DA:29,0
DA:30,0
DA:31,0
DA:35,0
DA:38,0
DA:39,0
DA:40,0
DA:42,0
DA:44,0
DA:46,0
DA:51,0
DA:54,0
DA:55,0
DA:58,0
DA:59,0
DA:60,0
DA:62,0
DA:63,0
DA:65,0
DA:66,0
DA:67,0
DA:68,0
DA:69,0
DA:70,0
DA:76,0
DA:77,0
DA:81,0
DA:82,0
DA:84,0
DA:85,0
DA:86,0
DA:87,0
DA:89,0
DA:90,0
DA:91,0
DA:92,0
DA:93,0
DA:94,0
DA:95,0
DA:96,0
DA:99,0
DA:108,0
DA:109,0
DA:110,0
LF:53
LH:0
end_of_record
SF:lib\features\auth_forgot\model\forgot_state.dart
DA:6,1
DA:12,0
DA:17,0
DA:18,0
DA:19,0
LF:5
LH:1
end_of_record
SF:lib\features\auth_forgot\viewmodel\widgets\forgot_card.dart
DA:8,1
DA:10,0
DA:12,0
DA:15,0
DA:17,0
DA:18,0
DA:19,0
DA:20,0
DA:21,0
DA:26,0
DA:29,0
LF:11
LH:1
end_of_record
SF:lib\features\auth_forgot\viewmodel\services\forgot_event.dart
DA:6,0
LF:1
LH:0
end_of_record
SF:lib\features\auth_forgot\viewmodel\widgets\forgot_form.dart
DA:10,0
DA:12,0
DA:13,0
DA:20,0
DA:22,0
DA:23,0
DA:24,0
DA:27,0
DA:29,0
DA:30,0
DA:33,0
DA:34,0
DA:35,0
DA:38,0
DA:39,0
DA:40,0
DA:43,0
DA:45,0
DA:46,0
DA:48,0
DA:49,0
DA:50,0
DA:53,0
DA:54,0
DA:56,0
DA:57,0
DA:61,0
DA:62,0
DA:63,0
DA:64,0
DA:69,0
DA:70,0
DA:72,0
DA:73,0
DA:74,0
DA:75,0
DA:79,0
DA:80,0
DA:81,0
DA:89,0
DA:90,0
DA:91,0
LF:42
LH:0
end_of_record
SF:lib\features\auth_login\viewmodel\widgets\login_card.dart
DA:8,1
DA:10,0
DA:12,0
DA:15,0
DA:17,0
DA:18,0
DA:19,0
DA:20,0
DA:21,0
DA:23,0
DA:26,0
LF:11
LH:1
end_of_record
SF:lib\features\auth_login\viewmodel\services\login_event.dart
DA:6,0
DA:17,1
DA:22,0
DA:27,0
DA:28,0
DA:29,0
LF:6
LH:1
end_of_record
SF:lib\features\auth_login\viewmodel\widgets\login_form.dart
DA:9,0
DA:11,0
DA:12,0
DA:20,0
DA:22,0
DA:23,0
DA:24,0
DA:25,0
DA:28,0
DA:30,0
DA:31,0
DA:32,0
DA:35,0
DA:36,0
DA:37,0
DA:38,0
DA:42,0
DA:43,0
DA:44,0
DA:47,0
DA:48,0
DA:49,0
DA:52,0
DA:54,0
DA:55,0
DA:57,0
DA:58,0
DA:59,0
DA:62,0
DA:63,0
DA:65,0
DA:66,0
DA:70,0
DA:71,0
DA:72,0
DA:73,0
DA:78,0
DA:79,0
DA:83,0
DA:84,0
DA:85,0
DA:86,0
DA:91,0
DA:92,0
DA:94,0
DA:95,0
DA:96,0
DA:97,0
DA:101,0
DA:102,0
DA:103,0
DA:111,0
DA:112,0
DA:114,0
DA:115,0
DA:116,0
DA:119,0
DA:120,0
LF:58
LH:0
end_of_record
SF:lib\features\auth_registration\viewmodel\widgets\registration_card.dart
DA:8,1
DA:10,2
DA:12,2
DA:15,2
DA:17,2
DA:18,8
DA:19,2
DA:20,2
DA:21,2
DA:23,2
DA:26,4
LF:11
LH:11
end_of_record
SF:lib\features\auth_registration\view\widgets\consent_checkbox.dart
DA:8,2
DA:15,2
DA:17,2
DA:18,2
DA:20,2
DA:21,8
DA:22,2
DA:23,2
DA:24,2
DA:25,2
DA:26,4
DA:27,2
DA:28,6
DA:31,2
DA:32,8
LF:15
LH:15
end_of_record
SF:lib\features\auth_registration\view\widgets\consent_row.dart
DA:7,2
DA:13,2
DA:15,2
DA:16,2
DA:17,2
DA:18,2
DA:20,2
DA:21,2
DA:23,2
DA:24,6
DA:25,2
DA:26,2
DA:27,2
DA:29,6
DA:30,4
LF:15
LH:15
end_of_record
SF:lib\features\auth_registration\view\widgets\registration_back_button.dart
DA:4,1
DA:6,0
DA:7,0
DA:10,2
DA:12,2
DA:13,0
LF:6
LH:3
end_of_record
SF:lib\features\auth_registration\view\widgets\registration_email_field.dart
DA:5,2
DA:7,2
DA:9,2
DA:10,2
DA:13,2
DA:14,2
DA:15,2
DA:16,2
LF:8
LH:8
end_of_record
SF:lib\features\auth_registration\view\widgets\registration_password_field.dart
DA:9,2
DA:16,2
DA:18,2
DA:24,0
DA:25,0
DA:26,0
DA:30,2
DA:32,2
DA:33,4
DA:34,2
DA:35,2
DA:36,4
DA:37,2
DA:38,2
DA:39,2
DA:41,2
DA:44,4
LF:17
LH:14
end_of_record
SF:lib\features\auth_registration\view\widgets\registration_submit_button.dart
DA:8,2
DA:15,2
DA:17,2
DA:18,4
DA:19,2
LF:5
LH:5
end_of_record
SF:lib\features\auth_registration\viewmodel\registration\registration_event.dart
DA:9,3
LF:1
LH:1
end_of_record
SF:lib\features\auth_registration\viewmodel\registration\registration_state.dart
DA:15,4
DA:26,6
DA:27,6
DA:29,3
DA:39,3
DA:40,0
DA:41,3
DA:42,3
DA:43,3
DA:44,3
DA:45,3
DA:46,3
LF:12
LH:11
end_of_record
SF:lib\features\psychologist_screen\model\psychologist_model.dart
DA:9,0
DA:20,0
DA:27,8
DA:29,2
DA:30,10
DA:31,10
DA:32,4
LF:7
LH:5
end_of_record
SF:lib\features\auth_registration\viewmodel\widgets\registration_form.dart
DA:17,2
DA:19,2
DA:20,2
DA:32,2
DA:34,2
DA:35,4
DA:36,4
DA:37,4
DA:38,4
DA:39,4
DA:42,2
DA:44,4
DA:45,4
DA:46,4
DA:47,4
DA:48,4
DA:49,2
DA:52,2
DA:53,6
DA:54,6
DA:55,2
DA:56,4
DA:57,4
DA:58,4
DA:59,4
DA:64,10
DA:66,4
DA:68,2
DA:69,2
DA:70,2
DA:71,4
DA:75,2
DA:77,4
DA:78,2
DA:80,2
DA:81,2
DA:82,2
DA:85,2
DA:86,6
DA:88,2
DA:89,2
DA:91,4
DA:94,2
DA:95,2
DA:97,4
DA:100,4
DA:102,2
DA:103,2
DA:108,2
DA:109,2
DA:111,2
DA:112,2
DA:114,2
DA:115,8
DA:120,2
DA:121,2
DA:122,2
DA:123,8
DA:125,2
DA:128,2
DA:129,0
DA:130,0
DA:131,0
DA:132,0
DA:135,2
DA:136,2
DA:137,2
DA:138,2
DA:139,2
DA:141,2
DA:142,2
LF:71
LH:67
end_of_record
SF:lib\features\auth_reset\model\reset_state.dart
DA:6,1
DA:12,0
DA:17,0
DA:18,0
DA:19,0
LF:5
LH:1
end_of_record
SF:lib\features\auth_reset\navigation\reset_navigator.dart
DA:8,0
DA:9,0
DA:10,0
DA:11,0
DA:12,0
DA:13,0
DA:14,0
DA:19,0
LF:8
LH:0
end_of_record
SF:lib\features\auth_reset\validators\password_validators.dart
DA:1,0
DA:2,0
DA:3,0
DA:4,0
DA:8,0
DA:9,0
DA:10,0
DA:11,0
LF:8
LH:0
end_of_record
SF:lib\features\auth_reset\viewmodel\widgets\reset_scaffold.dart
DA:6,1
DA:8,0
DA:10,0
DA:11,0
DA:12,0
LF:5
LH:1
end_of_record
SF:lib\features\auth_reset\viewmodel\reset_event.dart
DA:7,0
LF:1
LH:0
end_of_record
SF:lib\features\auth_reset\viewmodel\widgets\reset_form.dart
DA:9,1
DA:11,0
DA:12,0
DA:20,0
DA:22,0
DA:23,0
DA:24,0
DA:27,0
DA:28,0
DA:29,0
DA:30,0
DA:34,0
DA:36,0
DA:37,0
DA:38,0
DA:39,0
DA:40,0
DA:41,0
DA:42,0
DA:43,0
DA:46,0
DA:47,0
DA:49,0
DA:50,0
DA:56,0
DA:57,0
DA:62,0
DA:65,0
DA:66,0
DA:68,0
DA:69,0
DA:70,0
DA:71,0
DA:75,0
DA:76,0
DA:77,0
DA:85,0
DA:86,0
DA:87,0
DA:89,0
DA:90,0
LF:41
LH:1
end_of_record
SF:lib\features\auth_reset\viewmodel\widgets\reset_listener.dart
DA:9,1
DA:11,0
DA:12,0
DA:16,0
DA:18,0
DA:19,0
DA:20,0
DA:21,0
DA:22,0
DA:23,0
DA:24,0
DA:25,0
DA:26,0
DA:27,0
DA:30,0
DA:31,0
DA:32,0
DA:34,0
LF:18
LH:1
end_of_record
SF:lib\features\child_screen\models\child_model.dart
DA:12,0
DA:24,4
DA:30,0
DA:32,0
DA:34,0
LF:5
LH:1
end_of_record
SF:lib\features\child_screen\models\child_progress_model.dart
DA:11,0
DA:22,0
DA:23,0
DA:24,0
DA:27,0
DA:35,0
DA:36,0
DA:37,0
DA:38,0
DA:39,0
DA:40,0
DA:41,0
DA:42,0
DA:43,0
LF:14
LH:0
end_of_record
SF:lib\features\child_screen\models\quest_filter_model.dart
DA:5,2
DA:7,3
DA:11,0
DA:12,0
LF:4
LH:2
end_of_record
SF:lib\features\child_screen\models\time_filter_option.dart
DA:6,0
DA:8,0
DA:10,0
DA:12,0
DA:14,0
DA:16,0
DA:18,0
DA:23,0
DA:24,0
DA:25,0
DA:27,0
DA:29,0
DA:30,0
DA:31,0
DA:32,0
DA:33,0
DA:34,0
DA:35,0
DA:36,0
DA:37,0
DA:38,0
DA:39,0
DA:40,0
LF:23
LH:0
end_of_record
SF:lib\features\child_screen\repository\find_child_by_id.dart
DA:4,0
DA:5,0
DA:7,0
LF:3
LH:0
end_of_record
SF:lib\features\child_screen\repository\services\mock_child_quests_service.dart
DA:9,0
DA:11,0
DA:12,0
DA:21,1
DA:22,1
DA:25,1
DA:26,3
DA:27,1
DA:30,1
DA:38,2
DA:41,1
DA:44,1
DA:45,2
DA:48,1
DA:49,1
DA:50,2
DA:51,1
DA:52,0
DA:54,2
DA:55,1
DA:56,1
DA:57,1
DA:58,1
DA:59,1
DA:63,1
DA:68,2
DA:69,3
DA:70,1
DA:71,0
DA:72,0
DA:73,0
DA:77,1
DA:82,2
DA:83,3
DA:84,1
DA:85,0
DA:86,0
DA:87,0
DA:91,0
DA:97,0
DA:98,0
DA:99,0
DA:101,0
DA:102,0
DA:106,0
DA:107,0
DA:113,0
DA:114,0
DA:117,0
DA:125,0
DA:126,0
DA:128,0
DA:129,0
DA:131,0
DA:132,0
DA:138,0
DA:139,0
DA:140,0
LF:58
LH:28
end_of_record
SF:lib\features\child_screen\view\screens\child_screen.dart
DA:19,0
DA:25,0
DA:26,0
DA:36,0
DA:38,0
DA:39,0
DA:42,0
DA:44,0
DA:45,0
DA:46,0
DA:47,0
DA:50,0
DA:51,0
DA:52,0
DA:53,0
DA:54,0
DA:55,0
DA:56,0
DA:57,0
DA:58,0
DA:59,0
DA:62,0
DA:66,0
DA:67,0
DA:68,0
DA:69,0
DA:70,0
DA:75,0
DA:76,0
DA:77,0
DA:79,0
DA:81,0
DA:82,0
DA:83,0
DA:84,0
DA:86,0
DA:89,0
DA:90,0
DA:94,0
DA:95,0
DA:96,0
DA:99,0
DA:100,0
DA:101,0
DA:102,0
DA:103,0
DA:106,0
DA:107,0
DA:110,0
DA:114,0
DA:115,0
DA:116,0
DA:117,0
DA:118,0
DA:119,0
DA:125,0
DA:127,0
DA:129,0
DA:130,0
DA:131,0
DA:132,0
DA:133,0
DA:134,0
DA:139,0
DA:140,0
DA:147,0
DA:148,0
DA:150,0
DA:152,0
DA:153,0
DA:162,0
DA:164,0
DA:166,0
DA:168,0
DA:169,0
DA:170,0
DA:171,0
LF:77
LH:0
end_of_record
SF:lib\features\child_screen\view\widgets\child_error_text.dart
DA:6,0
DA:8,0
DA:10,0
DA:11,0
DA:12,0
DA:14,0
DA:15,0
DA:16,0
DA:17,0
LF:9
LH:0
end_of_record
SF:lib\features\child_screen\view\widgets\child_info_card.dart
DA:10,0
DA:16,0
DA:17,0
DA:18,0
DA:23,0
DA:25,0
DA:26,0
DA:28,0
DA:29,0
DA:30,0
DA:31,0
DA:33,0
DA:35,0
DA:36,0
DA:37,0
DA:41,0
DA:42,0
DA:45,0
DA:54,0
DA:56,0
DA:58,0
DA:68,0
DA:78,0
DA:79,0
DA:81,0
DA:82,0
DA:84,0
DA:86,0
DA:88,0
DA:89,0
DA:91,0
DA:93,0
DA:95,0
DA:97,0
DA:99,0
DA:101,0
DA:103,0
DA:104,0
DA:107,0
DA:110,0
DA:112,0
DA:115,0
DA:116,0
DA:120,0
DA:121,0
DA:125,0
LF:46
LH:0
end_of_record
SF:lib\features\child_screen\view_model\widgets\child_quests_section.dart
DA:15,0
DA:22,0
DA:23,0
DA:29,0
DA:30,0
DA:31,0
DA:35,0
DA:42,0
DA:43,0
DA:45,0
DA:49,0
DA:50,0
DA:52,0
DA:53,0
DA:54,0
DA:55,0
DA:56,0
DA:62,0
DA:63,0
DA:66,0
DA:68,0
DA:72,0
DA:73,0
DA:74,0
DA:75,0
DA:78,0
DA:79,0
DA:83,0
DA:84,0
DA:86,0
DA:87,0
DA:89,0
DA:90,0
DA:91,0
DA:92,0
DA:94,0
DA:95,0
DA:96,0
DA:97,0
DA:99,0
DA:100,0
DA:102,0
DA:103,0
DA:105,0
DA:106,0
DA:115,0
DA:116,0
DA:117,0
DA:119,0
DA:120,0
DA:122,0
DA:123,0
DA:124,0
DA:125,0
DA:127,0
DA:128,0
DA:129,0
DA:130,0
DA:132,0
DA:133,0
DA:136,0
DA:137,0
DA:144,0
DA:146,0
DA:148,0
DA:149,0
DA:151,0
LF:67
LH:0
end_of_record
SF:lib\features\progress_screen\view\progress_screen.dart
DA:13,0
DA:19,0
DA:20,0
DA:22,0
DA:24,0
DA:26,0
DA:27,0
DA:28,0
DA:29,0
DA:31,0
DA:33,0
DA:34,0
DA:35,0
DA:36,0
DA:37,0
DA:41,0
DA:42,0
DA:43,0
DA:44,0
DA:45,0
DA:46,0
DA:52,0
DA:63,0
DA:65,0
DA:67,0
DA:68,0
DA:69,0
DA:71,0
DA:72,0
DA:75,0
DA:77,0
DA:80,0
DA:85,0
DA:87,0
DA:88,0
DA:90,0
DA:92,0
LF:37
LH:0
end_of_record
SF:lib\features\child_screen\view\widgets\assigned_quest_tile.dart
DA:6,0
DA:8,0
DA:10,0
DA:12,0
DA:14,0
DA:15,0
LF:6
LH:0
end_of_record
SF:lib\features\child_screen\view\widgets\completed_quest_tile.dart
DA:10,0
DA:12,0
DA:14,0
DA:15,0
DA:16,0
DA:18,0
DA:20,0
DA:21,0
DA:22,0
DA:23,0
DA:24,0
DA:25,0
DA:26,0
DA:27,0
DA:28,0
DA:37,0
DA:39,0
DA:40,0
DA:42,0
DA:44,0
DA:46,0
DA:47,0
DA:48,0
DA:49,0
DA:50,0
DA:52,0
DA:53,0
DA:54,0
DA:55,0
DA:56,0
DA:61,0
DA:62,0
DA:63,0
DA:64,0
DA:68,0
DA:69,0
DA:70,0
DA:71,0
DA:72,0
DA:73,0
DA:75,0
DA:76,0
DA:77,0
DA:78,0
DA:79,0
DA:80,0
DA:81,0
LF:47
LH:0
end_of_record
SF:lib\features\child_screen\view\widgets\photo_viewer_dialog.dart
DA:3,0
DA:4,0
DA:6,0
DA:8,0
LF:4
LH:0
end_of_record
SF:lib\features\child_screen\view\widgets\date_range_picker_dialog.dart
DA:7,0
DA:9,0
DA:10,0
DA:18,0
DA:20,0
DA:21,0
DA:22,0
DA:25,0
DA:26,0
DA:27,0
DA:29,0
DA:30,0
DA:32,0
DA:33,0
DA:37,0
DA:39,0
DA:41,0
DA:43,0
DA:48,0
DA:49,0
DA:50,0
DA:53,0
DA:57,0
DA:58,0
DA:59,0
DA:60,0
DA:63,0
DA:65,0
DA:68,0
DA:69,0
DA:71,0
DA:73,0
DA:74,0
DA:75,0
DA:76,0
DA:81,0
DA:82,0
DA:84,0
DA:85,0
DA:87,0
DA:92,0
DA:93,0
DA:94,0
DA:96,0
DA:97,0
DA:98,0
DA:99,0
DA:105,0
DA:106,0
DA:107,0
DA:109,0
DA:112,0
DA:117,0
DA:118,0
DA:119,0
DA:120,0
DA:123,0
DA:124,0
DA:125,0
DA:132,0
DA:134,0
DA:136,0
DA:137,0
LF:63
LH:0
end_of_record
SF:lib\features\child_screen\view_model\widgets\assign_quest_dialog.dart
DA:12,0
DA:14,0
DA:15,0
DA:23,0
DA:25,0
DA:26,0
DA:29,0
DA:30,0
DA:32,0
DA:34,0
DA:35,0
DA:38,0
DA:39,0
DA:40,0
DA:44,0
DA:45,0
DA:46,0
DA:47,0
DA:48,0
DA:52,0
DA:53,0
DA:54,0
DA:55,0
DA:57,0
DA:59,0
DA:60,0
DA:61,0
DA:64,0
DA:68,0
DA:70,0
DA:71,0
DA:72,0
DA:74,0
DA:75,0
DA:76,0
DA:77,0
DA:78,0
DA:84,0
DA:85,0
DA:88,0
DA:90,0
DA:94,0
DA:95,0
DA:97,0
DA:98,0
DA:99,0
DA:100,0
DA:101,0
DA:102,0
DA:105,0
DA:110,0
DA:111,0
DA:112,0
DA:115,0
DA:116,0
DA:117,0
DA:119,0
LF:57
LH:0
end_of_record
SF:lib\features\child_screen\view_model\widgets\quest_time_filter.dart
DA:10,0
DA:16,0
DA:18,0
DA:24,0
DA:26,0
DA:27,0
DA:28,0
DA:30,0
DA:34,0
DA:35,0
DA:36,0
DA:38,0
DA:41,0
DA:43,0
DA:45,0
DA:48,0
DA:51,0
DA:52,0
DA:53,0
DA:54,0
DA:55,0
DA:59,0
DA:60,0
DA:63,0
DA:64,0
DA:68,0
DA:69,0
DA:70,0
DA:72,0
DA:74,0
DA:77,0
DA:78,0
DA:79,0
DA:80,0
DA:81,0
DA:85,0
DA:88,0
DA:90,0
DA:91,0
DA:92,0
DA:93,0
DA:94,0
LF:42
LH:0
end_of_record
SF:lib\features\progress_screen\viewmodel\widgets\meta_card.dart
DA:7,0
DA:9,0
DA:11,0
DA:12,0
DA:13,0
DA:16,0
DA:22,0
DA:23,0
DA:25,0
DA:26,0
DA:27,0
DA:28,0
DA:29,0
DA:37,0
DA:39,0
DA:40,0
DA:41,0
DA:42,0
DA:44,0
DA:46,0
DA:48,0
DA:49,0
DA:51,0
DA:54,0
DA:55,0
DA:58,0
DA:61,0
DA:62,0
DA:65,0
DA:68,0
DA:69,0
DA:72,0
DA:75,0
DA:76,0
DA:79,0
DA:82,0
DA:83,0
DA:86,0
DA:88,0
DA:89,0
DA:90,0
DA:91,0
DA:92,0
DA:99,0
LF:44
LH:0
end_of_record
SF:lib\features\progress_screen\viewmodel\widgets\radar_chart_card.dart
DA:8,0
DA:10,0
DA:11,0
DA:12,0
DA:13,0
DA:14,0
DA:15,0
DA:18,0
DA:20,0
DA:21,0
DA:22,0
DA:23,0
DA:24,0
DA:30,0
DA:31,0
DA:32,0
DA:33,0
DA:39,0
DA:41,0
DA:42,0
DA:43,0
DA:45,0
DA:47,0
DA:48,0
DA:52,0
DA:53,0
DA:54,0
DA:55,0
DA:56,0
DA:59,0
DA:61,0
DA:62,0
DA:63,0
DA:65,0
LF:34
LH:0
end_of_record
SF:lib\features\psychologist_screen\viewmodel\widgets\psychologist_body.dart
DA:12,2
DA:14,2
DA:15,4
DA:17,2
DA:18,4
DA:20,2
DA:22,2
DA:23,2
DA:24,2
DA:25,2
DA:27,2
DA:28,4
DA:30,2
DA:34,2
DA:35,2
DA:37,2
DA:38,2
DA:39,2
DA:40,2
DA:41,4
DA:42,2
DA:46,2
DA:47,1
DA:48,3
DA:51,2
DA:52,2
DA:54,2
LF:27
LH:27
end_of_record
SF:lib\features\psychologist_screen\view\widgets\child_tile.dart
DA:8,1
DA:10,1
DA:12,1
DA:14,1
DA:15,3
DA:17,1
LF:6
LH:6
end_of_record
SF:lib\features\psychologist_screen\view\widgets\children_list.dart
DA:9,2
DA:15,2
DA:17,4
DA:29,1
DA:30,2
DA:31,1
DA:32,8
LF:7
LH:7
end_of_record
SF:lib\features\psychologist_screen\view\widgets\psychologist_header_skeleton.dart
DA:4,1
DA:6,2
LF:2
LH:2
end_of_record
SF:lib\features\psychologist_screen\viewmodel\widgets\psychologist_header.dart
DA:5,2
DA:12,2
DA:13,2
DA:14,2
DA:16,4
DA:17,0
DA:19,0
DA:20,0
DA:23,2
DA:25,4
DA:26,2
DA:27,4
DA:28,6
DA:30,2
DA:36,2
DA:38,2
DA:40,2
DA:42,2
DA:44,2
DA:45,2
DA:46,2
DA:48,2
DA:50,2
DA:51,6
DA:53,2
DA:54,4
DA:55,6
DA:60,2
DA:62,4
LF:29
LH:26
end_of_record
SF:lib\features\quest_catalog\validators\quest_validators.dart
DA:3,0
DA:4,0
DA:5,0
DA:6,0
DA:10,0
DA:11,0
DA:12,0
DA:13,0
DA:14,0
DA:18,0
LF:10
LH:0
end_of_record
SF:lib\features\quest_catalog\view\widgets\quest_form_dialog.dart
DA:12,0
DA:25,0
DA:27,0
DA:28,0
DA:39,0
DA:41,0
DA:42,0
DA:43,0
DA:44,0
DA:45,0
DA:46,0
DA:49,0
DA:51,0
DA:52,0
DA:53,0
DA:54,0
DA:57,0
DA:58,0
DA:59,0
DA:63,0
DA:66,0
DA:67,0
DA:68,0
DA:69,0
DA:70,0
DA:73,0
DA:74,0
DA:76,0
DA:77,0
DA:78,0
DA:79,0
DA:85,0
DA:87,0
DA:88,0
DA:89,0
DA:90,0
DA:92,0
DA:93,0
DA:94,0
DA:95,0
DA:98,0
DA:99,0
DA:100,0
DA:108,0
DA:109,0
DA:116,0
DA:117,0
DA:119,0
DA:121,0
DA:123,0
DA:124,0
DA:125,0
DA:127,0
DA:128,0
DA:132,0
DA:133,0
DA:143,0
DA:144,0
DA:145,0
DA:148,0
DA:149,0
DA:150,0
DA:156,0
LF:63
LH:0
end_of_record
SF:lib\features\quest_catalog\view_model\widgets\catalog_filter_row.dart
DA:11,0
DA:19,0
DA:21,0
DA:23,0
DA:24,0
DA:25,0
DA:26,0
DA:32,0
DA:36,0
DA:37,0
DA:40,0
DA:41,0
DA:42,0
DA:45,0
DA:47,0
DA:48,0
LF:16
LH:0
end_of_record
SF:lib\features\quest_catalog\view_model\widgets\catalog_quests_list.dart
DA:12,0
DA:21,0
DA:23,0
DA:27,0
DA:28,0
DA:29,0
DA:30,0
DA:31,0
DA:32,0
DA:33,0
DA:36,0
DA:37,0
DA:38,0
LF:13
LH:0
end_of_record
SF:lib\features\quest_catalog\view\widgets\quest_list_tile.dart
DA:12,0
DA:21,0
DA:22,0
DA:25,0
DA:26,0
DA:28,0
DA:32,0
DA:34,0
DA:35,0
DA:36,0
DA:38,0
DA:40,0
DA:41,0
DA:42,0
DA:44,0
DA:46,0
DA:47,0
DA:48,0
DA:52,0
DA:54,0
DA:55,0
DA:56,0
DA:57,0
DA:58,0
DA:64,0
DA:66,0
DA:67,0
DA:68,0
DA:71,0
DA:72,0
DA:73,0
DA:76,0
DA:77,0
DA:80,0
DA:82,0
DA:83,0
DA:84,0
DA:86,0
DA:90,0
DA:92,0
DA:93,0
DA:95,0
DA:96,0
DA:97,0
LF:44
LH:0
end_of_record
